[0;34mansible-playbook [core 2.15.13][0m
[0;34m  config file = /etc/ansible/ansible.cfg[0m
[0;34m  configured module search path = ['/root/.ansible/plugins/modules', '/usr/share/ansible/plugins/modules'][0m
[0;34m  ansible python module location = /root/.local/lib/python3.9/site-packages/ansible[0m
[0;34m  ansible collection location = /root/.ansible/collections:/usr/share/ansible/collections:/etc/ansible/collections[0m
[0;34m  executable location = /root/.local/bin/ansible-playbook[0m
[0;34m  python version = 3.9.21 (main, Dec  5 2024, 00:00:00) [GCC 11.5.0 20240719 (Red Hat 11.5.0-2)] (/usr/bin/python3)[0m
[0;34m  jinja version = 3.1.2[0m
[0;34m  libyaml = True[0m
[0;34mUsing /etc/ansible/ansible.cfg as config file[0m
[0;34mhost_list declined parsing /etc/ansible/localhost as it did not pass its verify_file() method[0m
[0;34mSkipping due to inventory source not existing or not being readable by the current user[0m
[0;34mscript declined parsing /etc/ansible/localhost as it did not pass its verify_file() method[0m
[0;34mauto declined parsing /etc/ansible/localhost as it did not pass its verify_file() method[0m
[0;34mSkipping due to inventory source not existing or not being readable by the current user[0m
[0;34myaml declined parsing /etc/ansible/localhost as it did not pass its verify_file() method[0m
[0;34mSkipping due to inventory source not existing or not being readable by the current user[0m
[0;34mini declined parsing /etc/ansible/localhost as it did not pass its verify_file() method[0m
[0;34mSkipping due to inventory source not existing or not being readable by the current user[0m
[0;34mtoml declined parsing /etc/ansible/localhost as it did not pass its verify_file() method[0m
[0;34mhost_list declined parsing /etc/ansible/hosts as it did not pass its verify_file() method[0m
[0;34mscript declined parsing /etc/ansible/hosts as it did not pass its verify_file() method[0m
[0;34mauto declined parsing /etc/ansible/hosts as it did not pass its verify_file() method[0m
[0;34mParsed /etc/ansible/hosts inventory source with ini plugin[0m
[0;34mSkipping callback 'default', as we already have a stdout callback.[0m
[0;34mSkipping callback 'minimal', as we already have a stdout callback.[0m
[0;34mSkipping callback 'oneline', as we already have a stdout callback.[0m

PLAYBOOK: Ansible_Automation_Platform-ee_builder.yml ***************************
[0;34m3 plays in Ansible_Automation_Platform-ee_builder.yml[0m

PLAY [Verify root privileges] **************************************************

TASK [Check if running as root or with sudo] ***********************************
[1;30mtask path: /mnt/c/Users/sgallego/Downloads/GIT/ee-containers/Ansible_Automation_Platform-ee_builder.yml:11[0m
[0;34m<127.0.0.1> ESTABLISH LOCAL CONNECTION FOR USER: root[0m
[0;34m<127.0.0.1> EXEC /bin/sh -c 'echo ~root && sleep 0'[0m
[0;34m<127.0.0.1> EXEC /bin/sh -c '( umask 77 && mkdir -p "` echo /root/.ansible/tmp `"&& mkdir "` echo /root/.ansible/tmp/ansible-tmp-1742306789.5139005-206238-5157037533483 `" && echo ansible-tmp-1742306789.5139005-206238-5157037533483="` echo /root/.ansible/tmp/ansible-tmp-1742306789.5139005-206238-5157037533483 `" ) && sleep 0'[0m
[0;34mUsing module file /root/.local/lib/python3.9/site-packages/ansible/modules/command.py[0m
[0;34m<127.0.0.1> PUT /root/.ansible/tmp/ansible-local-206214bml3u7hr/tmpk8naog8n TO /root/.ansible/tmp/ansible-tmp-1742306789.5139005-206238-5157037533483/AnsiballZ_command.py[0m
[0;34m<127.0.0.1> EXEC /bin/sh -c 'chmod u+x /root/.ansible/tmp/ansible-tmp-1742306789.5139005-206238-5157037533483/ /root/.ansible/tmp/ansible-tmp-1742306789.5139005-206238-5157037533483/AnsiballZ_command.py && sleep 0'[0m
[0;34m<127.0.0.1> EXEC /bin/sh -c '/usr/bin/python3 /root/.ansible/tmp/ansible-tmp-1742306789.5139005-206238-5157037533483/AnsiballZ_command.py && sleep 0'[0m
[0;34m<127.0.0.1> EXEC /bin/sh -c 'rm -f -r /root/.ansible/tmp/ansible-tmp-1742306789.5139005-206238-5157037533483/ > /dev/null 2>&1 && sleep 0'[0m
[0;32mok: [localhost] => [0m
[0;32m    changed: false[0m
[0;32m    cmd:[0m
[0;32m    - id[0m
[0;32m    - -u[0m
[0;32m    delta: '0:00:00.002075'[0m
[0;32m    end: '2025-03-18 08:06:29.725273'[0m
[0;32m    invocation:[0m
[0;32m        module_args:[0m
[0;32m            _raw_params: id -u[0m
[0;32m            _uses_shell: false[0m
[0;32m            argv: null[0m
[0;32m            chdir: null[0m
[0;32m            creates: null[0m
[0;32m            executable: null[0m
[0;32m            removes: null[0m
[0;32m            stdin: null[0m
[0;32m            stdin_add_newline: true[0m
[0;32m            strip_empty_ends: true[0m
[0;32m    msg: ''[0m
[0;32m    rc: 0[0m
[0;32m    start: '2025-03-18 08:06:29.723198'[0m
[0;32m    stderr: ''[0m
[0;32m    stderr_lines: <omitted>[0m
[0;32m    stdout: '0'[0m
[0;32m    stdout_lines: <omitted>[0m

TASK [Fail if not running with proper privileges] ******************************
[1;30mtask path: /mnt/c/Users/sgallego/Downloads/GIT/ee-containers/Ansible_Automation_Platform-ee_builder.yml:16[0m
[0;36mskipping: [localhost] => [0m
[0;36m    changed: false[0m
[0;36m    false_condition: user_id.stdout != "0"[0m
[0;36m    skip_reason: Conditional result was False[0m

PLAY [Display title screen] ****************************************************

TASK [Clear screen before showing title] ***************************************
[1;30mtask path: /mnt/c/Users/sgallego/Downloads/GIT/ee-containers/Ansible_Automation_Platform-ee_builder.yml:34[0m
[0;34m<127.0.0.1> ESTABLISH LOCAL CONNECTION FOR USER: root[0m
[0;34m<127.0.0.1> EXEC /bin/sh -c 'echo ~root && sleep 0'[0m
[0;34m<127.0.0.1> EXEC /bin/sh -c '( umask 77 && mkdir -p "` echo /root/.ansible/tmp `"&& mkdir "` echo /root/.ansible/tmp/ansible-tmp-1742306789.796972-206261-252506847915824 `" && echo ansible-tmp-1742306789.796972-206261-252506847915824="` echo /root/.ansible/tmp/ansible-tmp-1742306789.796972-206261-252506847915824 `" ) && sleep 0'[0m
[0;34mUsing module file /root/.local/lib/python3.9/site-packages/ansible/modules/command.py[0m
[0;34m<127.0.0.1> PUT /root/.ansible/tmp/ansible-local-206214bml3u7hr/tmpbmy7lsle TO /root/.ansible/tmp/ansible-tmp-1742306789.796972-206261-252506847915824/AnsiballZ_command.py[0m
[0;34m<127.0.0.1> EXEC /bin/sh -c 'chmod u+x /root/.ansible/tmp/ansible-tmp-1742306789.796972-206261-252506847915824/ /root/.ansible/tmp/ansible-tmp-1742306789.796972-206261-252506847915824/AnsiballZ_command.py && sleep 0'[0m
[0;34m<127.0.0.1> EXEC /bin/sh -c 'ANSIBLE_LOCALHOST_WARNING=False ANSIBLE_DEPRECATION_WARNINGS=False ANSIBLE_COMMAND_WARNINGS=False ANSIBLE_SYSTEM_WARNINGS=False /usr/bin/python3 /root/.ansible/tmp/ansible-tmp-1742306789.796972-206261-252506847915824/AnsiballZ_command.py && sleep 0'[0m
[0;34m<127.0.0.1> EXEC /bin/sh -c 'rm -f -r /root/.ansible/tmp/ansible-tmp-1742306789.796972-206261-252506847915824/ > /dev/null 2>&1 && sleep 0'[0m
[0;32mok: [localhost] => [0m
[0;32m    changed: false[0m
[0;32m    cmd: clear[0m
[0;32m    delta: '0:00:00.004388'[0m
[0;32m    end: '2025-03-18 08:06:29.906532'[0m
[0;32m    invocation:[0m
[0;32m        module_args:[0m
[0;32m            _raw_params: clear[0m
[0;32m            _uses_shell: true[0m
[0;32m            argv: null[0m
[0;32m            chdir: null[0m
[0;32m            creates: null[0m
[0;32m            executable: null[0m
[0;32m            removes: null[0m
[0;32m            stdin: null[0m
[0;32m            stdin_add_newline: true[0m
[0;32m            strip_empty_ends: true[0m
[0;32m    msg: ''[0m
[0;32m    rc: 0[0m
[0;32m    start: '2025-03-18 08:06:29.902144'[0m
[0;32m    stderr: ''[0m
[0;32m    stderr_lines: <omitted>[0m
[0;32m    stdout: "\e[H\e[2J\e[3J"[0m
[0;32m    stdout_lines: <omitted>[0m

TASK [Show title] **************************************************************
[1;30mtask path: /mnt/c/Users/sgallego/Downloads/GIT/ee-containers/Ansible_Automation_Platform-ee_builder.yml:38[0m
[0;32mok: [localhost] => [0m
[0;32m    msg: |-[0m
[0;32m        â”Œâ”€â”€â”€â”€â”€â”€â”€â”€â”€â”€â”€â”€â”€â”€â”€â”€â”€â”€â”€â”€â”€â”€â”€â”€â”€â”€â”€â”€â”€â”€â”€â”€â”€â”€â”€â”€â”€â”€â”€â”€â”€â”€â”€â”€â”€â”€â”€â”€â”€â”€â”€â”€â”€â”€â”€â”€â”€â”€â”€â”€â”€â”€â”€â”€â”€â”€â”€â”€â”€â”€â”€â”€â”€â”€â”€â”€â”€â”€â”€â”€â”€â”€â”€â”€â”€â”€â”€â”€â”€â”€â”€â”€â”€â”€â”€â”€â”€â”€â”€â”€â”€â”€â”€â”€â”€â”€â”€â”€â”€â”€â”[0m
[0;32m        â”‚                                                                                      ..:-=@@@@=-:..          â”‚[0m
[0;32m        â”‚                                                                                    .*%@@@@@@@@@@@@%*.        â”‚[0m
[0;32m        â”‚                                                                                 .:@@@@@@@@@@@@@@@@@@@@:.     â”‚[0m
[0;32m        â”‚                                                                                .*@@@@@@@@@@*-@@@@@@@@@@*.    â”‚[0m
[0;32m        â”‚                                                                               .@@@@@@@@@@@*. =@@@@@@@@@@@.   â”‚[0m
[0;32m        â”‚                                                                              .%@@@@@@@@@@@ .@ +@@@@@@@@@@%.  â”‚[0m
[0;32m        â”‚                                                                              -%@@@@@@@@@@..@%-.*@@@@@@@@@%-  â”‚[0m
[0;32m        â”‚     "A Streamlined Approach to Building Ansible Execution Environments"     .+@@@@@@@@@@= =@@@.:@@@@@@@@@@+. â”‚[0m
[0;32m        â”‚                                                                             .+@@@@@@@@@@ ..:+@%.-@@@@@@@@@+. â”‚[0m
[0;32m        â”‚                                                                             .=@@@@@@@@@ .@@+. *+.-@@@@@@@%=  â”‚[0m
[0;32m        â”‚                                                                              .%@@@@@@@:.*@@@@%.  .+@@@@@@%.  â”‚[0m
[0;32m        â”‚                                                                               .@@@@@@= =@@@@@@@%=.:%@@@@@.   â”‚[0m
[0;32m        â”‚                                                                                :%@@@@@@@@@@@@@@@@@@@@@@%:    â”‚[0m
[0;32m        â”‚                                                                                 .*@@@@@@@@@@@@@@@@@@@@*.     â”‚[0m
[0;32m        â”‚                                                                                   .+@@@@@@@@@@@@@@@@+..      â”‚[0m
[0;32m        â”‚                                                                                     ..+*%@@@@@@%*+..         â”‚[0m
[0;32m        â””â”€â”€â”€â”€â”€â”€â”€â”€â”€â”€â”€â”€â”€â”€â”€â”€â”€â”€â”€â”€â”€â”€â”€â”€â”€â”€â”€â”€â”€â”€â”€â”€â”€â”€â”€â”€â”€â”€â”€â”€â”€â”€â”€â”€â”€â”€â”€â”€â”€â”€â”€â”€â”€â”€â”€â”€â”€â”€â”€â”€â”€â”€â”€â”€â”€â”€â”€â”€â”€â”€â”€â”€â”€â”€â”€â”€â”€â”€â”€â”€â”€â”€â”€â”€â”€â”€â”€â”€â”€â”€â”€â”€â”€â”€â”€â”€â”€â”€â”€â”€â”€â”€â”€â”€â”€â”€â”€â”€â”€â”€â”˜[0m

TASK [Pause for title screen] **************************************************
[1;30mtask path: /mnt/c/Users/sgallego/Downloads/GIT/ee-containers/Ansible_Automation_Platform-ee_builder.yml:60[0m
Pausing for 3 seconds
(ctrl+C then 'C' = continue early, ctrl+C then 'A' = abort)
[Pause for title screen]
Starting Execution Environment Builder...:
[0;32mok: [localhost] => [0m
[0;32m    changed: false[0m
[0;32m    delta: 3[0m
[0;32m    echo: true[0m
[0;32m    rc: 0[0m
[0;32m    start: '2025-03-18 08:06:29.948533'[0m
[0;32m    stderr: ''[0m
[0;32m    stdout: Paused for 3.0 seconds[0m
[0;32m    stop: '2025-03-18 08:06:32.950757'[0m
[0;32m    user_input: ''[0m
Enter your Red Hat CDN username: 